Using pre-set license
Built from '2021.3/staging' branch; Version is '2021.3.11f1 (0a5ca18544bf) revision 679073'; Using compiler version '192829333'; Build Type 'Release'
OS: 'Windows 10  (10.0.19044) 64bit Professional' Language: 'en' Physical Memory: 3958 MB
BatchMode: 1, IsHumanControllingUs: 0, StartBugReporterOnCrash: 0, Is64bit: 1, IsPro: 1

COMMAND LINE ARGUMENTS:
C:\Program Files\Unity\Hub\Editor\2021.3.11f1\Editor\Unity.exe
-adb2
-batchMode
-noUpm
-name
AssetImportWorker9
-projectPath
C:/Users/DELL/exercise numero tre
-logFile
Logs/AssetImportWorker9.log
-srvPort
55534
Successfully changed project path to: C:/Users/DELL/exercise numero tre
C:/Users/DELL/exercise numero tre
[UnityMemory] Configuration Parameters - Can be set up in boot.config
    "memorysetup-bucket-allocator-granularity=16"
    "memorysetup-bucket-allocator-bucket-count=8"
    "memorysetup-bucket-allocator-block-size=33554432"
    "memorysetup-bucket-allocator-block-count=8"
    "memorysetup-main-allocator-block-size=16777216"
    "memorysetup-thread-allocator-block-size=16777216"
    "memorysetup-gfx-main-allocator-block-size=16777216"
    "memorysetup-gfx-thread-allocator-block-size=16777216"
    "memorysetup-cache-allocator-block-size=4194304"
    "memorysetup-typetree-allocator-block-size=2097152"
    "memorysetup-profiler-bucket-allocator-granularity=16"
    "memorysetup-profiler-bucket-allocator-bucket-count=8"
    "memorysetup-profiler-bucket-allocator-block-size=33554432"
    "memorysetup-profiler-bucket-allocator-block-count=8"
    "memorysetup-profiler-allocator-block-size=16777216"
    "memorysetup-profiler-editor-allocator-block-size=1048576"
    "memorysetup-temp-allocator-size-main=16777216"
    "memorysetup-job-temp-allocator-block-size=2097152"
    "memorysetup-job-temp-allocator-block-size-background=1048576"
    "memorysetup-job-temp-allocator-reduction-small-platforms=262144"
    "memorysetup-temp-allocator-size-background-worker=32768"
    "memorysetup-temp-allocator-size-job-worker=262144"
    "memorysetup-temp-allocator-size-preload-manager=33554432"
    "memorysetup-temp-allocator-size-nav-mesh-worker=65536"
    "memorysetup-temp-allocator-size-audio-worker=65536"
    "memorysetup-temp-allocator-size-cloud-worker=32768"
    "memorysetup-temp-allocator-size-gi-baking-worker=262144"
    "memorysetup-temp-allocator-size-gfx=262144"
Refreshing native plugins compatible for Editor in 146.37 ms, found 3 plugins.
Preloading 0 native plugins for Editor in 0.00 ms.
Initialize engine version: 2021.3.11f1 (0a5ca18544bf)
[Subsystems] Discovering subsystems at path C:/Program Files/Unity/Hub/Editor/2021.3.11f1/Editor/Data/Resources/UnitySubsystems
[Subsystems] Discovering subsystems at path C:/Users/DELL/exercise numero tre/Assets
GfxDevice: creating device client; threaded=0; jobified=0
Direct3D:
    Version:  Direct3D 11.0 [level 10.1]
    Renderer: NVIDIA GeForce 310M    (ID=0xa75)
    Vendor:   NVIDIA
    VRAM:     459 MB
    Driver:   21.21.13.4201
Initialize mono
Mono path[0] = 'C:/Program Files/Unity/Hub/Editor/2021.3.11f1/Editor/Data/Managed'
Mono path[1] = 'C:/Program Files/Unity/Hub/Editor/2021.3.11f1/Editor/Data/MonoBleedingEdge/lib/mono/unityjit-win32'
Mono config path = 'C:/Program Files/Unity/Hub/Editor/2021.3.11f1/Editor/Data/MonoBleedingEdge/etc'
Using monoOptions --debugger-agent=transport=dt_socket,embedding=1,server=y,suspend=n,address=127.0.0.1:56968
Begin MonoManager ReloadAssembly
Registering precompiled unity dll's ...
Register platform support module: C:/Program Files/Unity/Hub/Editor/2021.3.11f1/Editor/Data/PlaybackEngines/WindowsStandaloneSupport/UnityEditor.WindowsStandalone.Extensions.dll
Registered in 0.018395 seconds.
Native extension for WindowsStandalone target not found
Refreshing native plugins compatible for Editor in 142.83 ms, found 3 plugins.
Preloading 0 native plugins for Editor in 0.00 ms.
Mono: successfully reloaded assembly
- Completed reload, in  1.315 seconds
Domain Reload Profiling:
	ReloadAssembly (1316ms)
		BeginReloadAssembly (169ms)
			ExecutionOrderSort (0ms)
			DisableScriptedObjects (0ms)
			BackupInstance (0ms)
			ReleaseScriptingObjects (0ms)
			CreateAndSetChildDomain (1ms)
		EndReloadAssembly (909ms)
			LoadAssemblies (162ms)
			RebuildTransferFunctionScriptingTraits (0ms)
			SetupTypeCache (210ms)
			ReleaseScriptCaches (0ms)
			RebuildScriptCaches (59ms)
			SetupLoadedEditorAssemblies (536ms)
				LogAssemblyErrors (0ms)
				InitializePlatformSupportModulesInManaged (16ms)
				SetLoadedEditorAssemblies (0ms)
				RefreshPlugins (143ms)
				BeforeProcessingInitializeOnLoad (2ms)
				ProcessInitializeOnLoadAttributes (276ms)
				ProcessInitializeOnLoadMethodAttributes (98ms)
				AfterProcessingInitializeOnLoad (0ms)
				EditorAssembliesLoaded (0ms)
			ExecutionOrderSort2 (0ms)
			AwakeInstancesAfterBackupRestoration (0ms)
Platform modules already initialized, skipping
Registering precompiled user dll's ...
Registered in 0.014159 seconds.
Begin MonoManager ReloadAssembly
Symbol file LoadedFromMemory doesn't match image C:\Users\DELL\exercise numero tre\Library\PackageCache\com.unity.visualscripting@1.7.8\Editor\VisualScripting.Core\Dependencies\YamlDotNet\Unity.VisualScripting.YamlDotNet.dll
Symbol file LoadedFromMemory doesn't match image C:\Users\DELL\exercise numero tre\Library\PackageCache\com.unity.visualscripting@1.7.8\Editor\VisualScripting.Core\Dependencies\DotNetZip\Unity.VisualScripting.IonicZip.dll
Native extension for WindowsStandalone target not found
Refreshing native plugins compatible for Editor in 1.63 ms, found 3 plugins.
Preloading 0 native plugins for Editor in 0.00 ms.
Mono: successfully reloaded assembly
- Completed reload, in  8.937 seconds
Domain Reload Profiling:
	ReloadAssembly (8939ms)
		BeginReloadAssembly (439ms)
			ExecutionOrderSort (0ms)
			DisableScriptedObjects (13ms)
			BackupInstance (0ms)
			ReleaseScriptingObjects (0ms)
			CreateAndSetChildDomain (172ms)
		EndReloadAssembly (5098ms)
			LoadAssemblies (1860ms)
			RebuildTransferFunctionScriptingTraits (0ms)
			SetupTypeCache (1561ms)
			ReleaseScriptCaches (2ms)
			RebuildScriptCaches (146ms)
			SetupLoadedEditorAssemblies (1447ms)
				LogAssemblyErrors (0ms)
				InitializePlatformSupportModulesInManaged (19ms)
				SetLoadedEditorAssemblies (1ms)
				RefreshPlugins (2ms)
				BeforeProcessingInitializeOnLoad (221ms)
				ProcessInitializeOnLoadAttributes (1025ms)
				ProcessInitializeOnLoadMethodAttributes (150ms)
				AfterProcessingInitializeOnLoad (28ms)
				EditorAssembliesLoaded (1ms)
			ExecutionOrderSort2 (0ms)
			AwakeInstancesAfterBackupRestoration (23ms)
Platform modules already initialized, skipping
========================================================================
Worker process is ready to serve import requests
Launched and connected shader compiler UnityShaderCompiler.exe after 2.03 seconds
Refreshing native plugins compatible for Editor in 1.92 ms, found 3 plugins.
Preloading 0 native plugins for Editor in 0.00 ms.
Unloading 3380 Unused Serialized files (Serialized files now loaded: 0)
Unloading 27 unused Assets / (113.4 KB). Loaded Objects now: 3837.
Memory consumption went from 116.2 MB to 116.1 MB.
Total: 8.725300 ms (FindLiveObjects: 1.210900 ms CreateObjectMapping: 0.359200 ms MarkObjects: 6.800900 ms  DeleteObjects: 0.351400 ms)

AssetImportParameters requested are different than current active one (requested -> active):
  custom:video-decoder-ogg-theora: a1e56fd34408186e4bbccfd4996cb3dc -> 
  custom:container-muxer-webm: aa71ff27fc2769a1b78a27578f13a17b -> 
  custom:container-demuxer-webm: 4f35f7cbe854078d1ac9338744f61a02 -> 
  custom:video-encoder-webm-vp8: eb34c28f22e8b96e1ab97ce403110664 -> 
  custom:audio-encoder-webm-vorbis: bf7c407c2cedff20999df2af8eb42d56 -> 
  custom:framework-win-MediaFoundation: 216162199b28c13a410421893ffa2e32 -> 
  custom:container-demuxer-ogg: 62fdf1f143b41e24485cea50d1cbac27 -> 
  custom:video-decoder-webm-vp8: 9c59270c3fd7afecdb556c50c9e8de78 -> 
  custom:audio-decoder-ogg-vorbis: bf7c407c2cedff20999df2af8eb42d56 -> 
========================================================================
Received Import Request.
  Time since last request: 179393.270402 seconds.
  path: Assets/blue.mat
  artifactKey: Guid(699c83c05d23bb94ab02af2c1ba7ccd5) Importer(815301076,1909f56bfc062723c751e8b465ee728b)
Start importing Assets/blue.mat using Guid(699c83c05d23bb94ab02af2c1ba7ccd5) Importer(815301076,1909f56bfc062723c751e8b465ee728b)  -> (artifact id: '20823d348a98221babb5b62236b32f6c') in 2.891609 seconds 
========================================================================
Received Import Request.
  Time since last request: 43.168982 seconds.
  path: Assets
  artifactKey: Guid(00000000000000001000000000000000) Importer(815301076,1909f56bfc062723c751e8b465ee728b)
Start importing Assets using Guid(00000000000000001000000000000000) Importer(815301076,1909f56bfc062723c751e8b465ee728b)  -> (artifact id: '79842766b460edbeab6a34051e857a80') in 0.056647 seconds 
========================================================================
Received Import Request.
  Time since last request: 26.070792 seconds.
  path: Assets/New Material.mat
  artifactKey: Guid(c46745ca9542ea14a983f021ff17e349) Importer(815301076,1909f56bfc062723c751e8b465ee728b)
Start importing Assets/New Material.mat using Guid(c46745ca9542ea14a983f021ff17e349) Importer(815301076,1909f56bfc062723c751e8b465ee728b)  -> (artifact id: 'ef75b324b7afb5f4296cbf60f72bffea') in 0.060518 seconds 
========================================================================
Received Import Request.
  Time since last request: 89.274546 seconds.
  path: Assets/component
  artifactKey: Guid(fa6fcd47825d9d54fb4c26b0875c7c9e) Importer(815301076,1909f56bfc062723c751e8b465ee728b)
Start importing Assets/component using Guid(fa6fcd47825d9d54fb4c26b0875c7c9e) Importer(815301076,1909f56bfc062723c751e8b465ee728b)  -> (artifact id: '733b8a2cfea55d39e81dd49224ca066c') in 0.069895 seconds 
========================================================================
Received Import Request.
  Time since last request: 12.836637 seconds.
  path: Assets/component/New Material.mat
  artifactKey: Guid(9b2f681b59ab89a408ee4ac87cb481fa) Importer(815301076,1909f56bfc062723c751e8b465ee728b)
Start importing Assets/component/New Material.mat using Guid(9b2f681b59ab89a408ee4ac87cb481fa) Importer(815301076,1909f56bfc062723c751e8b465ee728b)  -> (artifact id: '91ccf1be7b8514640540fbf257caedc4') in 0.026567 seconds 
========================================================================
Received Import Request.
  Time since last request: 12.735492 seconds.
  path: Assets/material
  artifactKey: Guid(fa6fcd47825d9d54fb4c26b0875c7c9e) Importer(815301076,1909f56bfc062723c751e8b465ee728b)
Start importing Assets/material using Guid(fa6fcd47825d9d54fb4c26b0875c7c9e) Importer(815301076,1909f56bfc062723c751e8b465ee728b)  -> (artifact id: '9a4966907a93e72c4ea05dfeb5981e55') in 0.007051 seconds 
========================================================================
Received Import Request.
  Time since last request: 11.551677 seconds.
  path: Assets/material/blue.mat
  artifactKey: Guid(9b2f681b59ab89a408ee4ac87cb481fa) Importer(815301076,1909f56bfc062723c751e8b465ee728b)
Start importing Assets/material/blue.mat using Guid(9b2f681b59ab89a408ee4ac87cb481fa) Importer(815301076,1909f56bfc062723c751e8b465ee728b)  -> (artifact id: '4fafbe1bdd2817517b3d09ab978e8edd') in 0.029590 seconds 
========================================================================
Received Import Request.
  Time since last request: 103.567127 seconds.
  path: Assets/material/pink.mat
  artifactKey: Guid(9b2f681b59ab89a408ee4ac87cb481fa) Importer(815301076,1909f56bfc062723c751e8b465ee728b)
Start importing Assets/material/pink.mat using Guid(9b2f681b59ab89a408ee4ac87cb481fa) Importer(815301076,1909f56bfc062723c751e8b465ee728b)  -> (artifact id: 'a349f6ca74070e641c5302f9fb26d0e1') in 0.050660 seconds 
========================================================================
Received Import Request.
  Time since last request: 181.712432 seconds.
  path: Assets/scripts
  artifactKey: Guid(d50d8467ee301384795abe7ef7cf7cec) Importer(815301076,1909f56bfc062723c751e8b465ee728b)
Start importing Assets/scripts using Guid(d50d8467ee301384795abe7ef7cf7cec) Importer(815301076,1909f56bfc062723c751e8b465ee728b)  -> (artifact id: '52b3dd8d2286113594ba056cd2c03402') in 0.026577 seconds 
========================================================================
Received Prepare
Registering precompiled user dll's ...
Registered in 0.016109 seconds.
Begin MonoManager ReloadAssembly
Symbol file LoadedFromMemory doesn't match image C:\Users\DELL\exercise numero tre\Library\PackageCache\com.unity.visualscripting@1.7.8\Editor\VisualScripting.Core\Dependencies\YamlDotNet\Unity.VisualScripting.YamlDotNet.dll
Symbol file LoadedFromMemory doesn't match image C:\Users\DELL\exercise numero tre\Library\PackageCache\com.unity.visualscripting@1.7.8\Editor\VisualScripting.Core\Dependencies\DotNetZip\Unity.VisualScripting.IonicZip.dll
Native extension for WindowsStandalone target not found
Refreshing native plugins compatible for Editor in 1.43 ms, found 3 plugins.
Preloading 0 native plugins for Editor in 0.00 ms.
Mono: successfully reloaded assembly
- Completed reload, in  2.494 seconds
Domain Reload Profiling:
	ReloadAssembly (2495ms)
		BeginReloadAssembly (393ms)
			ExecutionOrderSort (0ms)
			DisableScriptedObjects (14ms)
			BackupInstance (0ms)
			ReleaseScriptingObjects (0ms)
			CreateAndSetChildDomain (74ms)
		EndReloadAssembly (1880ms)
			LoadAssemblies (221ms)
			RebuildTransferFunctionScriptingTraits (0ms)
			SetupTypeCache (685ms)
			ReleaseScriptCaches (2ms)
			RebuildScriptCaches (93ms)
			SetupLoadedEditorAssemblies (774ms)
				LogAssemblyErrors (0ms)
				InitializePlatformSupportModulesInManaged (30ms)
				SetLoadedEditorAssemblies (1ms)
				RefreshPlugins (2ms)
				BeforeProcessingInitializeOnLoad (172ms)
				ProcessInitializeOnLoadAttributes (480ms)
				ProcessInitializeOnLoadMethodAttributes (68ms)
				AfterProcessingInitializeOnLoad (21ms)
				EditorAssembliesLoaded (0ms)
			ExecutionOrderSort2 (0ms)
			AwakeInstancesAfterBackupRestoration (24ms)
Platform modules already initialized, skipping
Refreshing native plugins compatible for Editor in 8.00 ms, found 3 plugins.
Preloading 0 native plugins for Editor in 0.00 ms.
Unloading 3376 Unused Serialized files (Serialized files now loaded: 0)
Unloading 20 unused Assets / (79.8 KB). Loaded Objects now: 3882.
Memory consumption went from 120.8 MB to 120.7 MB.
Total: 15.476900 ms (FindLiveObjects: 0.788300 ms CreateObjectMapping: 0.189000 ms MarkObjects: 14.288500 ms  DeleteObjects: 0.207300 ms)

AssetImportParameters requested are different than current active one (requested -> active):
  custom:video-decoder-ogg-theora: a1e56fd34408186e4bbccfd4996cb3dc -> 
  custom:container-muxer-webm: aa71ff27fc2769a1b78a27578f13a17b -> 
  custom:container-demuxer-webm: 4f35f7cbe854078d1ac9338744f61a02 -> 
  custom:video-encoder-webm-vp8: eb34c28f22e8b96e1ab97ce403110664 -> 
  custom:audio-encoder-webm-vorbis: bf7c407c2cedff20999df2af8eb42d56 -> 
  custom:framework-win-MediaFoundation: 216162199b28c13a410421893ffa2e32 -> 
  custom:container-demuxer-ogg: 62fdf1f143b41e24485cea50d1cbac27 -> 
  custom:video-decoder-webm-vp8: 9c59270c3fd7afecdb556c50c9e8de78 -> 
  custom:audio-decoder-ogg-vorbis: bf7c407c2cedff20999df2af8eb42d56 -> 
========================================================================
Received Prepare
Registering precompiled user dll's ...
Registered in 0.012680 seconds.
Begin MonoManager ReloadAssembly
Symbol file LoadedFromMemory doesn't match image C:\Users\DELL\exercise numero tre\Library\PackageCache\com.unity.visualscripting@1.7.8\Editor\VisualScripting.Core\Dependencies\YamlDotNet\Unity.VisualScripting.YamlDotNet.dll
Symbol file LoadedFromMemory doesn't match image C:\Users\DELL\exercise numero tre\Library\PackageCache\com.unity.visualscripting@1.7.8\Editor\VisualScripting.Core\Dependencies\DotNetZip\Unity.VisualScripting.IonicZip.dll
Native extension for WindowsStandalone target not found
Refreshing native plugins compatible for Editor in 1.50 ms, found 3 plugins.
Preloading 0 native plugins for Editor in 0.00 ms.
Mono: successfully reloaded assembly
- Completed reload, in  2.076 seconds
Domain Reload Profiling:
	ReloadAssembly (2077ms)
		BeginReloadAssembly (328ms)
			ExecutionOrderSort (0ms)
			DisableScriptedObjects (11ms)
			BackupInstance (0ms)
			ReleaseScriptingObjects (0ms)
			CreateAndSetChildDomain (70ms)
		EndReloadAssembly (1548ms)
			LoadAssemblies (245ms)
			RebuildTransferFunctionScriptingTraits (0ms)
			SetupTypeCache (538ms)
			ReleaseScriptCaches (2ms)
			RebuildScriptCaches (85ms)
			SetupLoadedEditorAssemblies (654ms)
				LogAssemblyErrors (0ms)
				InitializePlatformSupportModulesInManaged (28ms)
				SetLoadedEditorAssemblies (1ms)
				RefreshPlugins (2ms)
				BeforeProcessingInitializeOnLoad (135ms)
				ProcessInitializeOnLoadAttributes (411ms)
				ProcessInitializeOnLoadMethodAttributes (58ms)
				AfterProcessingInitializeOnLoad (20ms)
				EditorAssembliesLoaded (0ms)
			ExecutionOrderSort2 (0ms)
			AwakeInstancesAfterBackupRestoration (17ms)
Platform modules already initialized, skipping
Refreshing native plugins compatible for Editor in 7.59 ms, found 3 plugins.
Preloading 0 native plugins for Editor in 0.00 ms.
Unloading 3376 Unused Serialized files (Serialized files now loaded: 0)
Unloading 20 unused Assets / (79.8 KB). Loaded Objects now: 3885.
Memory consumption went from 120.8 MB to 120.7 MB.
Total: 8.430500 ms (FindLiveObjects: 0.784000 ms CreateObjectMapping: 0.240100 ms MarkObjects: 7.198100 ms  DeleteObjects: 0.205000 ms)

AssetImportParameters requested are different than current active one (requested -> active):
  custom:video-decoder-ogg-theora: a1e56fd34408186e4bbccfd4996cb3dc -> 
  custom:container-muxer-webm: aa71ff27fc2769a1b78a27578f13a17b -> 
  custom:container-demuxer-webm: 4f35f7cbe854078d1ac9338744f61a02 -> 
  custom:video-encoder-webm-vp8: eb34c28f22e8b96e1ab97ce403110664 -> 
  custom:audio-encoder-webm-vorbis: bf7c407c2cedff20999df2af8eb42d56 -> 
  custom:framework-win-MediaFoundation: 216162199b28c13a410421893ffa2e32 -> 
  custom:container-demuxer-ogg: 62fdf1f143b41e24485cea50d1cbac27 -> 
  custom:video-decoder-webm-vp8: 9c59270c3fd7afecdb556c50c9e8de78 -> 
  custom:audio-decoder-ogg-vorbis: bf7c407c2cedff20999df2af8eb42d56 -> 
========================================================================
Received Import Request.
  Time since last request: 382.032650 seconds.
  path: Assets/scripts/PlayerMovement.cs
  artifactKey: Guid(448eab4cb4c566946bb0bba2a57e4866) Importer(815301076,1909f56bfc062723c751e8b465ee728b)
Start importing Assets/scripts/PlayerMovement.cs using Guid(448eab4cb4c566946bb0bba2a57e4866) Importer(815301076,1909f56bfc062723c751e8b465ee728b)  -> (artifact id: 'b32092c25011ee38147a2782665ae276') in 0.084151 seconds 
========================================================================
Received Prepare
Registering precompiled user dll's ...
Registered in 0.049684 seconds.
Begin MonoManager ReloadAssembly
Symbol file LoadedFromMemory doesn't match image C:\Users\DELL\exercise numero tre\Library\PackageCache\com.unity.visualscripting@1.7.8\Editor\VisualScripting.Core\Dependencies\YamlDotNet\Unity.VisualScripting.YamlDotNet.dll
Symbol file LoadedFromMemory doesn't match image C:\Users\DELL\exercise numero tre\Library\PackageCache\com.unity.visualscripting@1.7.8\Editor\VisualScripting.Core\Dependencies\DotNetZip\Unity.VisualScripting.IonicZip.dll
Native extension for WindowsStandalone target not found
Refreshing native plugins compatible for Editor in 1.40 ms, found 3 plugins.
Preloading 0 native plugins for Editor in 0.00 ms.
Mono: successfully reloaded assembly
- Completed reload, in  2.127 seconds
Domain Reload Profiling:
	ReloadAssembly (2128ms)
		BeginReloadAssembly (346ms)
			ExecutionOrderSort (0ms)
			DisableScriptedObjects (12ms)
			BackupInstance (0ms)
			ReleaseScriptingObjects (0ms)
			CreateAndSetChildDomain (79ms)
		EndReloadAssembly (1559ms)
			LoadAssemblies (218ms)
			RebuildTransferFunctionScriptingTraits (0ms)
			SetupTypeCache (540ms)
			ReleaseScriptCaches (2ms)
			RebuildScriptCaches (89ms)
			SetupLoadedEditorAssemblies (667ms)
				LogAssemblyErrors (0ms)
				InitializePlatformSupportModulesInManaged (25ms)
				SetLoadedEditorAssemblies (1ms)
				RefreshPlugins (2ms)
				BeforeProcessingInitializeOnLoad (137ms)
				ProcessInitializeOnLoadAttributes (421ms)
				ProcessInitializeOnLoadMethodAttributes (61ms)
				AfterProcessingInitializeOnLoad (19ms)
				EditorAssembliesLoaded (0ms)
			ExecutionOrderSort2 (0ms)
			AwakeInstancesAfterBackupRestoration (16ms)
Platform modules already initialized, skipping
Refreshing native plugins compatible for Editor in 730.25 ms, found 3 plugins.
Preloading 0 native plugins for Editor in 0.00 ms.
Unloading 3376 Unused Serialized files (Serialized files now loaded: 0)
Unloading 20 unused Assets / (79.7 KB). Loaded Objects now: 3888.
Memory consumption went from 120.8 MB to 120.7 MB.
Total: 551.399800 ms (FindLiveObjects: 0.837900 ms CreateObjectMapping: 0.241600 ms MarkObjects: 549.994300 ms  DeleteObjects: 0.321600 ms)

AssetImportParameters requested are different than current active one (requested -> active):
  custom:video-decoder-ogg-theora: a1e56fd34408186e4bbccfd4996cb3dc -> 
  custom:container-muxer-webm: aa71ff27fc2769a1b78a27578f13a17b -> 
  custom:container-demuxer-webm: 4f35f7cbe854078d1ac9338744f61a02 -> 
  custom:video-encoder-webm-vp8: eb34c28f22e8b96e1ab97ce403110664 -> 
  custom:audio-encoder-webm-vorbis: bf7c407c2cedff20999df2af8eb42d56 -> 
  custom:framework-win-MediaFoundation: 216162199b28c13a410421893ffa2e32 -> 
  custom:container-demuxer-ogg: 62fdf1f143b41e24485cea50d1cbac27 -> 
  custom:video-decoder-webm-vp8: 9c59270c3fd7afecdb556c50c9e8de78 -> 
  custom:audio-decoder-ogg-vorbis: bf7c407c2cedff20999df2af8eb42d56 -> 
========================================================================
Received Import Request.
  Time since last request: 254.347054 seconds.
  path: Assets/scripts/PlayerMovement.cs
  artifactKey: Guid(448eab4cb4c566946bb0bba2a57e4866) Importer(815301076,1909f56bfc062723c751e8b465ee728b)
Start importing Assets/scripts/PlayerMovement.cs using Guid(448eab4cb4c566946bb0bba2a57e4866) Importer(815301076,1909f56bfc062723c751e8b465ee728b)  -> (artifact id: '6e8b88f89dfaebfc57af0fcceab5c4e2') in 0.021322 seconds 
========================================================================
Received Prepare
Registering precompiled user dll's ...
Registered in 0.037467 seconds.
Begin MonoManager ReloadAssembly
Symbol file LoadedFromMemory doesn't match image C:\Users\DELL\exercise numero tre\Library\PackageCache\com.unity.visualscripting@1.7.8\Editor\VisualScripting.Core\Dependencies\YamlDotNet\Unity.VisualScripting.YamlDotNet.dll
Symbol file LoadedFromMemory doesn't match image C:\Users\DELL\exercise numero tre\Library\PackageCache\com.unity.visualscripting@1.7.8\Editor\VisualScripting.Core\Dependencies\DotNetZip\Unity.VisualScripting.IonicZip.dll
Native extension for WindowsStandalone target not found
Refreshing native plugins compatible for Editor in 2.20 ms, found 3 plugins.
Preloading 0 native plugins for Editor in 0.00 ms.
Mono: successfully reloaded assembly
- Completed reload, in 26.235 seconds
Domain Reload Profiling:
	ReloadAssembly (26357ms)
		BeginReloadAssembly (23519ms)
			ExecutionOrderSort (26ms)
			DisableScriptedObjects (1711ms)
			BackupInstance (0ms)
			ReleaseScriptingObjects (0ms)
			CreateAndSetChildDomain (9830ms)
		EndReloadAssembly (2413ms)
			LoadAssemblies (449ms)
			RebuildTransferFunctionScriptingTraits (0ms)
			SetupTypeCache (1050ms)
			ReleaseScriptCaches (12ms)
			RebuildScriptCaches (112ms)
			SetupLoadedEditorAssemblies (845ms)
				LogAssemblyErrors (0ms)
				InitializePlatformSupportModulesInManaged (37ms)
				SetLoadedEditorAssemblies (1ms)
				RefreshPlugins (2ms)
				BeforeProcessingInitializeOnLoad (161ms)
				ProcessInitializeOnLoadAttributes (563ms)
				ProcessInitializeOnLoadMethodAttributes (60ms)
				AfterProcessingInitializeOnLoad (20ms)
				EditorAssembliesLoaded (0ms)
			ExecutionOrderSort2 (0ms)
			AwakeInstancesAfterBackupRestoration (17ms)
Platform modules already initialized, skipping
Refreshing native plugins compatible for Editor in 5.85 ms, found 3 plugins.
Preloading 0 native plugins for Editor in 0.00 ms.
Unloading 3376 Unused Serialized files (Serialized files now loaded: 0)
Unloading 20 unused Assets / (79.8 KB). Loaded Objects now: 3891.
Memory consumption went from 120.8 MB to 120.7 MB.
Total: 28.884100 ms (FindLiveObjects: 0.805500 ms CreateObjectMapping: 0.261600 ms MarkObjects: 15.233100 ms  DeleteObjects: 12.580200 ms)

AssetImportParameters requested are different than current active one (requested -> active):
  custom:video-decoder-ogg-theora: a1e56fd34408186e4bbccfd4996cb3dc -> 
  custom:container-muxer-webm: aa71ff27fc2769a1b78a27578f13a17b -> 
  custom:container-demuxer-webm: 4f35f7cbe854078d1ac9338744f61a02 -> 
  custom:video-encoder-webm-vp8: eb34c28f22e8b96e1ab97ce403110664 -> 
  custom:audio-encoder-webm-vorbis: bf7c407c2cedff20999df2af8eb42d56 -> 
  custom:framework-win-MediaFoundation: 216162199b28c13a410421893ffa2e32 -> 
  custom:container-demuxer-ogg: 62fdf1f143b41e24485cea50d1cbac27 -> 
  custom:video-decoder-webm-vp8: 9c59270c3fd7afecdb556c50c9e8de78 -> 
  custom:audio-decoder-ogg-vorbis: bf7c407c2cedff20999df2af8eb42d56 -> 
========================================================================
Received Prepare
Registering precompiled user dll's ...
Registered in 0.028612 seconds.
Begin MonoManager ReloadAssembly
Symbol file LoadedFromMemory doesn't match image C:\Users\DELL\exercise numero tre\Library\PackageCache\com.unity.visualscripting@1.7.8\Editor\VisualScripting.Core\Dependencies\YamlDotNet\Unity.VisualScripting.YamlDotNet.dll
Symbol file LoadedFromMemory doesn't match image C:\Users\DELL\exercise numero tre\Library\PackageCache\com.unity.visualscripting@1.7.8\Editor\VisualScripting.Core\Dependencies\DotNetZip\Unity.VisualScripting.IonicZip.dll
Native extension for WindowsStandalone target not found
Refreshing native plugins compatible for Editor in 1.36 ms, found 3 plugins.
Preloading 0 native plugins for Editor in 0.00 ms.
Mono: successfully reloaded assembly
- Completed reload, in  2.161 seconds
Domain Reload Profiling:
	ReloadAssembly (2163ms)
		BeginReloadAssembly (310ms)
			ExecutionOrderSort (0ms)
			DisableScriptedObjects (11ms)
			BackupInstance (0ms)
			ReleaseScriptingObjects (0ms)
			CreateAndSetChildDomain (67ms)
		EndReloadAssembly (1640ms)
			LoadAssemblies (210ms)
			RebuildTransferFunctionScriptingTraits (0ms)
			SetupTypeCache (589ms)
			ReleaseScriptCaches (2ms)
			RebuildScriptCaches (82ms)
			SetupLoadedEditorAssemblies (683ms)
				LogAssemblyErrors (0ms)
				InitializePlatformSupportModulesInManaged (28ms)
				SetLoadedEditorAssemblies (1ms)
				RefreshPlugins (2ms)
				BeforeProcessingInitializeOnLoad (149ms)
				ProcessInitializeOnLoadAttributes (425ms)
				ProcessInitializeOnLoadMethodAttributes (58ms)
				AfterProcessingInitializeOnLoad (20ms)
				EditorAssembliesLoaded (0ms)
			ExecutionOrderSort2 (0ms)
			AwakeInstancesAfterBackupRestoration (16ms)
Platform modules already initialized, skipping
Refreshing native plugins compatible for Editor in 6.80 ms, found 3 plugins.
Preloading 0 native plugins for Editor in 0.00 ms.
Unloading 3376 Unused Serialized files (Serialized files now loaded: 0)
Unloading 20 unused Assets / (79.9 KB). Loaded Objects now: 3894.
Memory consumption went from 120.8 MB to 120.7 MB.
Total: 7.312900 ms (FindLiveObjects: 0.727100 ms CreateObjectMapping: 0.205400 ms MarkObjects: 6.192900 ms  DeleteObjects: 0.184900 ms)

AssetImportParameters requested are different than current active one (requested -> active):
  custom:video-decoder-ogg-theora: a1e56fd34408186e4bbccfd4996cb3dc -> 
  custom:container-muxer-webm: aa71ff27fc2769a1b78a27578f13a17b -> 
  custom:container-demuxer-webm: 4f35f7cbe854078d1ac9338744f61a02 -> 
  custom:video-encoder-webm-vp8: eb34c28f22e8b96e1ab97ce403110664 -> 
  custom:audio-encoder-webm-vorbis: bf7c407c2cedff20999df2af8eb42d56 -> 
  custom:framework-win-MediaFoundation: 216162199b28c13a410421893ffa2e32 -> 
  custom:container-demuxer-ogg: 62fdf1f143b41e24485cea50d1cbac27 -> 
  custom:video-decoder-webm-vp8: 9c59270c3fd7afecdb556c50c9e8de78 -> 
  custom:audio-decoder-ogg-vorbis: bf7c407c2cedff20999df2af8eb42d56 -> 
========================================================================
Received Prepare
Registering precompiled user dll's ...
Registered in 0.185178 seconds.
Begin MonoManager ReloadAssembly
Symbol file LoadedFromMemory doesn't match image C:\Users\DELL\exercise numero tre\Library\PackageCache\com.unity.visualscripting@1.7.8\Editor\VisualScripting.Core\Dependencies\YamlDotNet\Unity.VisualScripting.YamlDotNet.dll
Symbol file LoadedFromMemory doesn't match image C:\Users\DELL\exercise numero tre\Library\PackageCache\com.unity.visualscripting@1.7.8\Editor\VisualScripting.Core\Dependencies\DotNetZip\Unity.VisualScripting.IonicZip.dll
Native extension for WindowsStandalone target not found
Refreshing native plugins compatible for Editor in 1.74 ms, found 3 plugins.
Preloading 0 native plugins for Editor in 0.00 ms.
Mono: successfully reloaded assembly
- Completed reload, in 33.503 seconds
Domain Reload Profiling:
	ReloadAssembly (33762ms)
		BeginReloadAssembly (24045ms)
			ExecutionOrderSort (0ms)
			DisableScriptedObjects (1461ms)
			BackupInstance (0ms)
			ReleaseScriptingObjects (1ms)
			CreateAndSetChildDomain (9179ms)
		EndReloadAssembly (8317ms)
			LoadAssemblies (5686ms)
			RebuildTransferFunctionScriptingTraits (0ms)
			SetupTypeCache (2478ms)
			ReleaseScriptCaches (44ms)
			RebuildScriptCaches (189ms)
			SetupLoadedEditorAssemblies (2419ms)
				LogAssemblyErrors (0ms)
				InitializePlatformSupportModulesInManaged (168ms)
				SetLoadedEditorAssemblies (3ms)
				RefreshPlugins (2ms)
				BeforeProcessingInitializeOnLoad (442ms)
				ProcessInitializeOnLoadAttributes (1418ms)
				ProcessInitializeOnLoadMethodAttributes (343ms)
				AfterProcessingInitializeOnLoad (42ms)
				EditorAssembliesLoaded (1ms)
			ExecutionOrderSort2 (0ms)
			AwakeInstancesAfterBackupRestoration (25ms)
Platform modules already initialized, skipping
Refreshing native plugins compatible for Editor in 213.11 ms, found 3 plugins.
Preloading 0 native plugins for Editor in 0.00 ms.
Unloading 3375 Unused Serialized files (Serialized files now loaded: 0)
Unloading 21 unused Assets / (79.9 KB). Loaded Objects now: 3896.
Memory consumption went from 120.8 MB to 120.7 MB.
Total: 206.947100 ms (FindLiveObjects: 1.074200 ms CreateObjectMapping: 0.492600 ms MarkObjects: 156.925000 ms  DeleteObjects: 48.450400 ms)

AssetImportParameters requested are different than current active one (requested -> active):
  custom:video-decoder-ogg-theora: a1e56fd34408186e4bbccfd4996cb3dc -> 
  custom:container-muxer-webm: aa71ff27fc2769a1b78a27578f13a17b -> 
  custom:container-demuxer-webm: 4f35f7cbe854078d1ac9338744f61a02 -> 
  custom:video-encoder-webm-vp8: eb34c28f22e8b96e1ab97ce403110664 -> 
  custom:audio-encoder-webm-vorbis: bf7c407c2cedff20999df2af8eb42d56 -> 
  custom:framework-win-MediaFoundation: 216162199b28c13a410421893ffa2e32 -> 
  custom:container-demuxer-ogg: 62fdf1f143b41e24485cea50d1cbac27 -> 
  custom:video-decoder-webm-vp8: 9c59270c3fd7afecdb556c50c9e8de78 -> 
  custom:audio-decoder-ogg-vorbis: bf7c407c2cedff20999df2af8eb42d56 -> 
========================================================================
Received Import Request.
  Time since last request: 11781.943661 seconds.
  path: Assets/material/green.mat
  artifactKey: Guid(ae45d5e333f37e44a8f85b4834611195) Importer(815301076,1909f56bfc062723c751e8b465ee728b)
Start importing Assets/material/green.mat using Guid(ae45d5e333f37e44a8f85b4834611195) Importer(815301076,1909f56bfc062723c751e8b465ee728b)  -> (artifact id: '3f2e9969226089e4514acf136977f05b') in 5.377446 seconds 
========================================================================
Received Import Request.
  Time since last request: 224.671351 seconds.
  path: Assets/material/purple.mat
  artifactKey: Guid(39081888462e87a40bf71f27c140914c) Importer(815301076,1909f56bfc062723c751e8b465ee728b)
Start importing Assets/material/purple.mat using Guid(39081888462e87a40bf71f27c140914c) Importer(815301076,1909f56bfc062723c751e8b465ee728b)  -> (artifact id: '467af614844a81656381bd74e5216936') in 0.056541 seconds 
========================================================================
Received Import Request.
  Time since last request: 1598.357771 seconds.
  path: Assets/scripts/new script.cs
  artifactKey: Guid(dd8981dfb13870b489c53012a76093dd) Importer(815301076,1909f56bfc062723c751e8b465ee728b)
Start importing Assets/scripts/new script.cs using Guid(dd8981dfb13870b489c53012a76093dd) Importer(815301076,1909f56bfc062723c751e8b465ee728b)  -> (artifact id: 'e693188fb6edc6f7ebeece1c189e165f') in 4.962248 seconds 
========================================================================
Received Prepare
Registering precompiled user dll's ...
Registered in 0.099728 seconds.
Begin MonoManager ReloadAssembly
Symbol file LoadedFromMemory doesn't match image C:\Users\DELL\exercise numero tre\Library\PackageCache\com.unity.visualscripting@1.7.8\Editor\VisualScripting.Core\Dependencies\YamlDotNet\Unity.VisualScripting.YamlDotNet.dll
Symbol file LoadedFromMemory doesn't match image C:\Users\DELL\exercise numero tre\Library\PackageCache\com.unity.visualscripting@1.7.8\Editor\VisualScripting.Core\Dependencies\DotNetZip\Unity.VisualScripting.IonicZip.dll
Native extension for WindowsStandalone target not found
Refreshing native plugins compatible for Editor in 2.47 ms, found 3 plugins.
Preloading 0 native plugins for Editor in 0.00 ms.
Mono: successfully reloaded assembly
- Completed reload, in 44.308 seconds
Domain Reload Profiling:
	ReloadAssembly (44408ms)
		BeginReloadAssembly (35851ms)
			ExecutionOrderSort (0ms)
			DisableScriptedObjects (2090ms)
			BackupInstance (0ms)
			ReleaseScriptingObjects (0ms)
			CreateAndSetChildDomain (16503ms)
		EndReloadAssembly (7735ms)
			LoadAssemblies (9392ms)
			RebuildTransferFunctionScriptingTraits (0ms)
			SetupTypeCache (2424ms)
			ReleaseScriptCaches (6ms)
			RebuildScriptCaches (99ms)
			SetupLoadedEditorAssemblies (1906ms)
				LogAssemblyErrors (0ms)
				InitializePlatformSupportModulesInManaged (165ms)
				SetLoadedEditorAssemblies (6ms)
				RefreshPlugins (3ms)
				BeforeProcessingInitializeOnLoad (254ms)
				ProcessInitializeOnLoadAttributes (1203ms)
				ProcessInitializeOnLoadMethodAttributes (234ms)
				AfterProcessingInitializeOnLoad (40ms)
				EditorAssembliesLoaded (1ms)
			ExecutionOrderSort2 (0ms)
			AwakeInstancesAfterBackupRestoration (36ms)
Platform modules already initialized, skipping
Refreshing native plugins compatible for Editor in 147.54 ms, found 3 plugins.
Preloading 0 native plugins for Editor in 0.00 ms.
Unloading 3376 Unused Serialized files (Serialized files now loaded: 0)
Unloading 20 unused Assets / (79.8 KB). Loaded Objects now: 3900.
Memory consumption went from 120.8 MB to 120.7 MB.
Total: 198.946500 ms (FindLiveObjects: 0.823100 ms CreateObjectMapping: 0.245500 ms MarkObjects: 182.038400 ms  DeleteObjects: 15.835400 ms)

AssetImportParameters requested are different than current active one (requested -> active):
  custom:video-decoder-ogg-theora: a1e56fd34408186e4bbccfd4996cb3dc -> 
  custom:container-muxer-webm: aa71ff27fc2769a1b78a27578f13a17b -> 
  custom:container-demuxer-webm: 4f35f7cbe854078d1ac9338744f61a02 -> 
  custom:video-encoder-webm-vp8: eb34c28f22e8b96e1ab97ce403110664 -> 
  custom:audio-encoder-webm-vorbis: bf7c407c2cedff20999df2af8eb42d56 -> 
  custom:framework-win-MediaFoundation: 216162199b28c13a410421893ffa2e32 -> 
  custom:container-demuxer-ogg: 62fdf1f143b41e24485cea50d1cbac27 -> 
  custom:video-decoder-webm-vp8: 9c59270c3fd7afecdb556c50c9e8de78 -> 
  custom:audio-decoder-ogg-vorbis: bf7c407c2cedff20999df2af8eb42d56 -> 
========================================================================
Received Import Request.
  Time since last request: 2327.723393 seconds.
  path: Assets/scripts/new script.cs
  artifactKey: Guid(dd8981dfb13870b489c53012a76093dd) Importer(815301076,1909f56bfc062723c751e8b465ee728b)
Start importing Assets/scripts/new script.cs using Guid(dd8981dfb13870b489c53012a76093dd) Importer(815301076,1909f56bfc062723c751e8b465ee728b)  -> (artifact id: 'd0709ba6e2dbf5666e21da952516be0d') in 16.033699 seconds 
========================================================================
Received Import Request.
  Time since last request: 5279.606712 seconds.
  path: Assets/scripts/new script.cs
  artifactKey: Guid(dd8981dfb13870b489c53012a76093dd) Importer(815301076,1909f56bfc062723c751e8b465ee728b)
Start importing Assets/scripts/new script.cs using Guid(dd8981dfb13870b489c53012a76093dd) Importer(815301076,1909f56bfc062723c751e8b465ee728b)  -> (artifact id: '5a09e0f6dd325655378f77614ba20e92') in 0.301514 seconds 
========================================================================
Received Import Request.
  Time since last request: 14.983114 seconds.
  path: Assets/scripts/newscript.cs
  artifactKey: Guid(dd8981dfb13870b489c53012a76093dd) Importer(815301076,1909f56bfc062723c751e8b465ee728b)
Start importing Assets/scripts/newscript.cs using Guid(dd8981dfb13870b489c53012a76093dd) Importer(815301076,1909f56bfc062723c751e8b465ee728b)  -> (artifact id: '99cf017fe9cb0e5c2ec1f7c769b7d77a') in 0.138026 seconds 
========================================================================
Received Import Request.
  Time since last request: 541.526919 seconds.
  path: Assets/New Prefab.prefab
  artifactKey: Guid(7cf27056b22a8284c80b9f56c6e88398) Importer(815301076,1909f56bfc062723c751e8b465ee728b)
Start importing Assets/New Prefab.prefab using Guid(7cf27056b22a8284c80b9f56c6e88398) Importer(815301076,1909f56bfc062723c751e8b465ee728b)  -> (artifact id: 'b2e3a03dcac54d7879bda81babe30cca') in 30.252461 seconds 
========================================================================
Received Import Request.
  Time since last request: 0.000092 seconds.
  path: Assets/New Prefab.prefab
  artifactKey: Guid(7cf27056b22a8284c80b9f56c6e88398) Importer(815301076,1909f56bfc062723c751e8b465ee728b)
Start importing Assets/New Prefab.prefab using Guid(7cf27056b22a8284c80b9f56c6e88398) Importer(815301076,1909f56bfc062723c751e8b465ee728b)  -> (artifact id: '556e2ff5be341164c613f9b5444511c2') in 10.477528 seconds 
========================================================================
Received Import Request.
  Time since last request: 62.719593 seconds.
  path: Assets/New Prefab 1.prefab
  artifactKey: Guid(b60f65694f07ba04f96ea9cce6c92ebe) Importer(815301076,1909f56bfc062723c751e8b465ee728b)
Start importing Assets/New Prefab 1.prefab using Guid(b60f65694f07ba04f96ea9cce6c92ebe) Importer(815301076,1909f56bfc062723c751e8b465ee728b)  -> (artifact id: '81ec11d09ffd9363fc02f9a1a774c3f7') in 0.338762 seconds 
========================================================================
Received Import Request.
  Time since last request: 33.132428 seconds.
  path: Assets/Scenes
  artifactKey: Guid(6ea315d0fd7389c41b19996891e99ae3) Importer(815301076,1909f56bfc062723c751e8b465ee728b)
Start importing Assets/Scenes using Guid(6ea315d0fd7389c41b19996891e99ae3) Importer(815301076,1909f56bfc062723c751e8b465ee728b)  -> (artifact id: 'b8193726cff86800c54781cdc6d54904') in 0.196831 seconds 
========================================================================
Received Import Request.
  Time since last request: 197.490069 seconds.
  path: Assets/New Prefab.prefab
  artifactKey: Guid(7cf27056b22a8284c80b9f56c6e88398) Importer(815301076,1909f56bfc062723c751e8b465ee728b)
Start importing Assets/New Prefab.prefab using Guid(7cf27056b22a8284c80b9f56c6e88398) Importer(815301076,1909f56bfc062723c751e8b465ee728b)  -> (artifact id: 'a986e2786712a0efdcdb6fb4683e2cf7') in 0.032663 seconds 
========================================================================
Received Import Request.
  Time since last request: 307.422402 seconds.
  path: Assets/New Prefab.prefab
  artifactKey: Guid(7cf27056b22a8284c80b9f56c6e88398) Importer(815301076,1909f56bfc062723c751e8b465ee728b)
Start importing Assets/New Prefab.prefab using Guid(7cf27056b22a8284c80b9f56c6e88398) Importer(815301076,1909f56bfc062723c751e8b465ee728b)  -> (artifact id: 'd5d4bfd36fc9512c4962fbac13cc73f6') in 0.330817 seconds 
========================================================================
Received Import Request.
  Time since last request: 14.670293 seconds.
  path: Assets/New Prefab 1.prefab
  artifactKey: Guid(b60f65694f07ba04f96ea9cce6c92ebe) Importer(815301076,1909f56bfc062723c751e8b465ee728b)
Start importing Assets/New Prefab 1.prefab using Guid(b60f65694f07ba04f96ea9cce6c92ebe) Importer(815301076,1909f56bfc062723c751e8b465ee728b)  -> (artifact id: '8ea9899459f106729f4a5bd3a8868c1b') in 0.034658 seconds 
========================================================================
Received Import Request.
  Time since last request: 1106.926021 seconds.
  path: Assets/player.prefab
  artifactKey: Guid(4dfeabfcd3d549846b1a11e327437c07) Importer(815301076,1909f56bfc062723c751e8b465ee728b)
Start importing Assets/player.prefab using Guid(4dfeabfcd3d549846b1a11e327437c07) Importer(815301076,1909f56bfc062723c751e8b465ee728b)  -> (artifact id: '412e7998fef8bca93ae11ad37e73bc5b') in 1.253536 seconds 
========================================================================
Received Import Request.
  Time since last request: 15.154942 seconds.
  path: Assets/arc.prefab
  artifactKey: Guid(75332b9c305ceae408caa273341c0b6f) Importer(815301076,1909f56bfc062723c751e8b465ee728b)
Start importing Assets/arc.prefab using Guid(75332b9c305ceae408caa273341c0b6f) Importer(815301076,1909f56bfc062723c751e8b465ee728b)  -> (artifact id: '5d638dfaf044d518bdbe95e1cd2aaa34') in 7.203163 seconds 
========================================================================
Received Import Request.
  Time since last request: 0.000058 seconds.
  path: Assets/player.prefab
  artifactKey: Guid(4dfeabfcd3d549846b1a11e327437c07) Importer(815301076,1909f56bfc062723c751e8b465ee728b)
Start importing Assets/player.prefab using Guid(4dfeabfcd3d549846b1a11e327437c07) Importer(815301076,1909f56bfc062723c751e8b465ee728b)  -> (artifact id: '412e7998fef8bca93ae11ad37e73bc5b') in 0.006944 seconds 
========================================================================
Received Import Request.
  Time since last request: 91.322614 seconds.
  path: Assets/ground.prefab
  artifactKey: Guid(ec7e27475b43e0e448fb1ee1d7e0690d) Importer(815301076,1909f56bfc062723c751e8b465ee728b)
Start importing Assets/ground.prefab using Guid(ec7e27475b43e0e448fb1ee1d7e0690d) Importer(815301076,1909f56bfc062723c751e8b465ee728b)  -> (artifact id: '4a55da26740effa240d3e63f3924593d') in 2.304511 seconds 
========================================================================
Received Import Request.
  Time since last request: 0.000049 seconds.
  path: Assets/player.prefab
  artifactKey: Guid(4dfeabfcd3d549846b1a11e327437c07) Importer(815301076,1909f56bfc062723c751e8b465ee728b)
Start importing Assets/player.prefab using Guid(4dfeabfcd3d549846b1a11e327437c07) Importer(815301076,1909f56bfc062723c751e8b465ee728b)  -> (artifact id: '412e7998fef8bca93ae11ad37e73bc5b') in 0.019408 seconds 
========================================================================
Received Import Request.
  Time since last request: 38.019360 seconds.
  path: Assets/ground.prefab
  artifactKey: Guid(ec7e27475b43e0e448fb1ee1d7e0690d) Importer(815301076,1909f56bfc062723c751e8b465ee728b)
Start importing Assets/ground.prefab using Guid(ec7e27475b43e0e448fb1ee1d7e0690d) Importer(815301076,1909f56bfc062723c751e8b465ee728b)  -> (artifact id: '86db86b2e6bc457b8d409044c6aee256') in 0.730732 seconds 
========================================================================
Received Import Request.
  Time since last request: 0.000073 seconds.
  path: Assets/player.prefab
  artifactKey: Guid(4dfeabfcd3d549846b1a11e327437c07) Importer(815301076,1909f56bfc062723c751e8b465ee728b)
Start importing Assets/player.prefab using Guid(4dfeabfcd3d549846b1a11e327437c07) Importer(815301076,1909f56bfc062723c751e8b465ee728b)  -> (artifact id: '412e7998fef8bca93ae11ad37e73bc5b') in 0.023926 seconds 
